[04:13:01] *** Joins: spaldawg (~spaldawg@host-74-221-189-100.WISOLT1.epbfi.com)
[14:05:15] *** Joins: gregorsc5 (~Adium@host-23-251-81-232.WISOLT5.epbfi.com)
[14:46:37] *** Joins: spaldawg (~spaldawg@host-74-221-189-100.WISOLT1.epbfi.com)
[16:11:03] *** Parts: gregorsc5 (~Adium@host-23-251-81-232.WISOLT5.epbfi.com) ()
[17:15:58] <nmenne> so what's the plan for the class?
[17:16:06] <nmenne> have we made a decision?
[18:04:53] *** Joins: spaldawg (~spaldawg@host-74-221-189-100.WISOLT1.epbfi.com)
[20:31:50] <nmenne> two spaldawgs one chat room
[20:32:06] <Guest64> The other must be an imposter!
[20:34:42] <Keathley> totes
[20:34:52] <spaldawg> Yay, my znc bouncer is up now.
[20:34:57] <Keathley> nice
[20:35:08] <spaldawg> Running in a docker container
[20:35:19] <nmenne> yay overengineering!
[20:35:26] <Keathley> you should chat with gregorsc5
[20:35:31] <Keathley> he's working on something in docker as well
[20:35:54] <gregorsc5> new fangled irc bullshit, newsgroups had all this figured out ages ago ;)
[20:36:01] *** Quits: Guest64 (~textual@host-74-221-189-100.WISOLT1.epbfi.com) (Quit: Textual IRC Client: www.textualapp.com)
[20:36:13] <nmenne> two spaldawg entered the room
[20:36:16] <nmenne> one leaves
[20:36:21] <Keathley> https://usercontent.irccloud-cdn.com/file/Di6eL7pg/1292102239519.gif
[20:36:33] <spaldawg> get off my lawn!
[20:36:58] <nmenne> Keathley is a brony
[20:36:59] <nmenne> TIL
[20:37:20] <Keathley> https://usercontent.irccloud-cdn.com/file/rLN8Ij4D/tumblr_mijfbsCdti1qeva83o1_500.gif
[20:38:04] <nmenne> next steps 2: attack of the next steps
[20:38:17] <nmenne> meeting monday?
[20:38:28] <Keathley> me and sivoh are gunna be out
[20:38:40] <nmenne> lame/10
[20:39:01] <Keathley> I'm out as of tomorrow
[20:39:02] <spaldawg> Busy meeting with del toro?
[20:39:13] <Keathley> sivoh is out on monday
[20:39:17] <spaldawg> Or is it Obama next week
[20:39:19] <Keathley> we'll be back a week after that
[20:39:22] <nmenne> ok
[20:39:25] <nmenne> we'll do it then
[20:40:08] <nmenne> required readings for week 1 or no?
[20:42:53] <Keathley> what do you think?
[20:42:58] <Keathley> it's up to you
[20:43:20] <aelath> brony lol
[20:43:47] <nmenne> i'm going to vet the class this weekend
[20:43:54] <Keathley> ok sounds good
[20:44:11] <nmenne> and then we can decide
[20:44:27] <nmenne> it'll still give everyone a week to get stuff done if necessary
[20:44:43] <Keathley> sounds good
[20:48:28] <aelath> thanks nmenne.
[21:59:04] *** Quits: aelath (~cup@host-68-169-175-226.WISOLT2.epbfi.com) (Ping timeout: 264 seconds)
[22:29:42] *** Quits: gregorsc5 (~Adium@host-23-251-81-232.WISOLT5.epbfi.com) (Quit: Leaving.)
[22:42:13] *** Joins: gregorsc5 (~Adium@host-23-251-81-232.WISOLT5.epbfi.com)
[22:58:18] *** Quits: gregorsc5 (~Adium@host-23-251-81-232.WISOLT5.epbfi.com) (Ping timeout: 245 seconds)
[23:04:43] *** Joins: gregorsc5 (~Adium@host-23-251-81-232.WISOLT5.epbfi.com)
[23:06:07] *** Joins: spaldawg (~spaldawg@host-74-221-189-100.WISOLT1.epbfi.com)
[23:10:13] *** Quits: gregorsc5 (~Adium@host-23-251-81-232.WISOLT5.epbfi.com) (Quit: Leaving.)
[23:10:35] *** Joins: gregorsc5 (~Adium@host-23-251-81-232.WISOLT5.epbfi.com)
